Flow report for lab2
Tue Jul 30 16:38:59 2019
Quartus II 64-Bit Version 15.0.0 Build 145 04/22/2015 SJ Full Version


---------------------
; Table of Contents ;
---------------------
  1. Legal Notice
  2. Flow Summary
  3. Flow Settings
  4. Flow Non-Default Global Settings
  5. Flow Elapsed Time
  6. Flow OS Summary
  7. Flow Log
  8. Flow Messages
  9. Flow Suppressed Messages



----------------
; Legal Notice ;
----------------
Copyright (C) 1991-2015 Altera Corporation. All rights reserved.
Your use of Altera Corporation's design tools, logic functions 
and other software and tools, and its AMPP partner logic 
functions, and any output files from any of the foregoing 
(including device programming or simulation files), and any 
associated documentation or information are expressly subject 
to the terms and conditions of the Altera Program License 
Subscription Agreement, the Altera Quartus II License Agreement,
the Altera MegaCore Function License Agreement, or other 
applicable license agreement, including, without limitation, 
that your use is for the sole purpose of programming logic 
devices manufactured by Altera and sold by Altera or its 
authorized distributors.  Please refer to the applicable 
agreement for further details.



+----------------------------------------------------------------------------------+
; Flow Summary                                                                     ;
+------------------------------------+---------------------------------------------+
; Flow Status                        ; Successful - Tue Jul 30 16:38:59 2019       ;
; Quartus II 64-Bit Version          ; 15.0.0 Build 145 04/22/2015 SJ Full Version ;
; Revision Name                      ; lab2                                        ;
; Top-level Entity Name              ; processor                                   ;
; Family                             ; Cyclone IV E                                ;
; Device                             ; EP4CE40F29C6                                ;
; Timing Models                      ; Final                                       ;
; Total logic elements               ; 4,469 / 39,600 ( 11 % )                     ;
;     Total combinational functions  ; 3,994 / 39,600 ( 10 % )                     ;
;     Dedicated logic registers      ; 2,074 / 39,600 ( 5 % )                      ;
; Total registers                    ; 2074                                        ;
; Total pins                         ; 22 / 533 ( 4 % )                            ;
; Total virtual pins                 ; 0                                           ;
; Total memory bits                  ; 65,536 / 1,161,216 ( 6 % )                  ;
; Embedded Multiplier 9-bit elements ; 0 / 232 ( 0 % )                             ;
; Total PLLs                         ; 0 / 4 ( 0 % )                               ;
+------------------------------------+---------------------------------------------+


+-----------------------------------------+
; Flow Settings                           ;
+-------------------+---------------------+
; Option            ; Setting             ;
+-------------------+---------------------+
; Start date & time ; 07/30/2019 16:37:23 ;
; Main task         ; Compilation         ;
; Revision Name     ; lab2                ;
+-------------------+---------------------+


+--------------------------------------------------------------------------------------------------------------------------------+
; Flow Non-Default Global Settings                                                                                               ;
+-----------------------------------------+---------------------------------------+---------------+-------------+----------------+
; Assignment Name                         ; Value                                 ; Default Value ; Entity Name ; Section Id     ;
+-----------------------------------------+---------------------------------------+---------------+-------------+----------------+
; COMPILER_SIGNATURE_ID                   ; 26830024895721.156452984314584        ; --            ; --          ; --             ;
; EDA_OUTPUT_DATA_FORMAT                  ; Verilog Hdl                           ; --            ; --          ; eda_simulation ;
; EDA_SIMULATION_TOOL                     ; ModelSim-Altera (Verilog)             ; <None>        ; --          ; --             ;
; FITTER_EFFORT                           ; Standard Fit                          ; Auto Fit      ; --          ; --             ;
; MAX_CORE_JUNCTION_TEMP                  ; 85                                    ; --            ; --          ; --             ;
; MIN_CORE_JUNCTION_TEMP                  ; 0                                     ; --            ; --          ; --             ;
; MUX_RESTRUCTURE                         ; Off                                   ; Auto          ; --          ; --             ;
; NOMINAL_CORE_SUPPLY_VOLTAGE             ; 1.2V                                  ; --            ; --          ; --             ;
; OPTIMIZATION_MODE                       ; Aggressive Performance                ; Balanced      ; --          ; --             ;
; OPTIMIZATION_TECHNIQUE                  ; Speed                                 ; Balanced      ; --          ; --             ;
; PARTITION_COLOR                         ; 16764057                              ; --            ; processor   ; Top            ;
; PARTITION_FITTER_PRESERVATION_LEVEL     ; PLACEMENT_AND_ROUTING                 ; --            ; processor   ; Top            ;
; PARTITION_NETLIST_TYPE                  ; SOURCE                                ; --            ; processor   ; Top            ;
; PHYSICAL_SYNTHESIS_COMBO_LOGIC          ; On                                    ; Off           ; --          ; --             ;
; PHYSICAL_SYNTHESIS_REGISTER_DUPLICATION ; On                                    ; Off           ; --          ; --             ;
; PHYSICAL_SYNTHESIS_REGISTER_RETIMING    ; On                                    ; Off           ; --          ; --             ;
; PLACEMENT_EFFORT_MULTIPLIER             ; 4.0                                   ; 1.0           ; --          ; --             ;
; POWER_BOARD_THERMAL_MODEL               ; None (CONSERVATIVE)                   ; --            ; --          ; --             ;
; POWER_PRESET_COOLING_SOLUTION           ; 23 MM HEAT SINK WITH 200 LFPM AIRFLOW ; --            ; --          ; --             ;
; PROJECT_OUTPUT_DIRECTORY                ; output_files                          ; --            ; --          ; --             ;
; ROUTER_TIMING_OPTIMIZATION_LEVEL        ; MAXIMUM                               ; Normal        ; --          ; --             ;
; TOP_LEVEL_ENTITY                        ; processor                             ; lab2          ; --          ; --             ;
+-----------------------------------------+---------------------------------------+---------------+-------------+----------------+


+-------------------------------------------------------------------------------------------------------------------------------+
; Flow Elapsed Time                                                                                                             ;
+---------------------------+--------------+-------------------------+---------------------+------------------------------------+
; Module Name               ; Elapsed Time ; Average Processors Used ; Peak Virtual Memory ; Total CPU Time (on all processors) ;
+---------------------------+--------------+-------------------------+---------------------+------------------------------------+
; Analysis & Synthesis      ; 00:00:30     ; 1.0                     ; 4987 MB             ; 00:00:37                           ;
; Fitter                    ; 00:00:47     ; 2.6                     ; 5858 MB             ; 00:01:11                           ;
; Assembler                 ; 00:00:02     ; 1.0                     ; 4778 MB             ; 00:00:02                           ;
; TimeQuest Timing Analyzer ; 00:00:05     ; 1.0                     ; 4968 MB             ; 00:00:04                           ;
; EDA Netlist Writer        ; 00:00:04     ; 1.0                     ; 4791 MB             ; 00:00:05                           ;
; Total                     ; 00:01:28     ; --                      ; --                  ; 00:01:59                           ;
+---------------------------+--------------+-------------------------+---------------------+------------------------------------+


+----------------------------------------------------------------------------------------+
; Flow OS Summary                                                                        ;
+---------------------------+------------------+-----------+------------+----------------+
; Module Name               ; Machine Hostname ; OS Name   ; OS Version ; Processor type ;
+---------------------------+------------------+-----------+------------+----------------+
; Analysis & Synthesis      ; ITS-CSEB270-17   ; Windows 7 ; 6.2        ; x86_64         ;
; Fitter                    ; ITS-CSEB270-17   ; Windows 7 ; 6.2        ; x86_64         ;
; Assembler                 ; ITS-CSEB270-17   ; Windows 7 ; 6.2        ; x86_64         ;
; TimeQuest Timing Analyzer ; ITS-CSEB270-17   ; Windows 7 ; 6.2        ; x86_64         ;
; EDA Netlist Writer        ; ITS-CSEB270-17   ; Windows 7 ; 6.2        ; x86_64         ;
+---------------------------+------------------+-----------+------------+----------------+


------------
; Flow Log ;
------------
quartus_map --read_settings_files=on --write_settings_files=off lab2 -c lab2
quartus_fit --read_settings_files=off --write_settings_files=off lab2 -c lab2
quartus_asm --read_settings_files=off --write_settings_files=off lab2 -c lab2
quartus_sta lab2 -c lab2
quartus_eda --read_settings_files=off --write_settings_files=off lab2 -c lab2



